# JRE version: OpenJDK Runtime Environment Microsoft-7208460 (11.0.18+10) (build 11.0.18+10-LTS)
# Java VM: OpenJDK 64-Bit Server VM Microsoft-7208460 (11.0.18+10-LTS, mixed mode, tiered, compressed oops, g1 gc, windows-amd64)
Heap:
 garbage-first heap   total 65536K, used 19441K [0x00000000c0000000, 0x0000000100000000)
  region size 1024K, 11 young (11264K), 2 survivors (2048K)
 Metaspace       used 17308K, capacity 17712K, committed 18048K, reserved 1064960K
  class space    used 1919K, capacity 2059K, committed 2176K, reserved 1048576K
GC Heap History (8 events):
Event: 29.112 GC heap before
{Heap before GC invocations=0 (full 0):
 garbage-first heap   total 65536K, used 16384K [0x00000000c0000000, 0x0000000100000000)
  region size 1024K, 14 young (14336K), 0 survivors (0K)
 Metaspace       used 7629K, capacity 7825K, committed 7936K, reserved 1056768K
  class space    used 664K, capacity 754K, committed 768K, reserved 1048576K
}
Event: 29.270 GC heap after
{Heap after GC invocations=1 (full 0):
 garbage-first heap   total 65536K, used 3321K [0x00000000c0000000, 0x0000000100000000)
  region size 1024K, 2 young (2048K), 2 survivors (2048K)
 Metaspace       used 7629K, capacity 7825K, committed 7936K, reserved 1056768K
  class space    used 664K, capacity 754K, committed 768K, reserved 1048576K
}
Event: 35.002 GC heap before
{Heap before GC invocations=1 (full 0):
 garbage-first heap   total 65536K, used 4345K [0x00000000c0000000, 0x0000000100000000)
  region size 1024K, 3 young (3072K), 2 survivors (2048K)
 Metaspace       used 7856K, capacity 8017K, committed 8192K, reserved 1056768K
  class space    used 688K, capacity 754K, committed 768K, reserved 1048576K
}
Event: 35.007 GC heap after
{Heap after GC invocations=2 (full 0):
 garbage-first heap   total 65536K, used 3723K [0x00000000c0000000, 0x0000000100000000)
  region size 1024K, 1 young (1024K), 1 survivors (1024K)
 Metaspace       used 7856K, capacity 8017K, committed 8192K, reserved 1056768K
  class space    used 688K, capacity 754K, committed 768K, reserved 1048576K
}
Event: 45.552 GC heap before
{Heap before GC invocations=2 (full 0):
 garbage-first heap   total 65536K, used 16011K [0x00000000c0000000, 0x0000000100000000)
  region size 1024K, 11 young (11264K), 1 survivors (1024K)
 Metaspace       used 10733K, capacity 11050K, committed 11264K, reserved 1058816K
  class space    used 1092K, capacity 1172K, committed 1280K, reserved 1048576K
}
Event: 45.558 GC heap after
{Heap after GC invocations=3 (full 0):
 garbage-first heap   total 65536K, used 9603K [0x00000000c0000000, 0x0000000100000000)
  region size 1024K, 2 young (2048K), 2 survivors (2048K)
 Metaspace       used 10733K, capacity 11050K, committed 11264K, reserved 1058816K
  class space    used 1092K, capacity 1172K, committed 1280K, reserved 1048576K
}
Event: 90.410 GC heap before
{Heap before GC invocations=3 (full 0):
 garbage-first heap   total 65536K, used 30083K [0x00000000c0000000, 0x0000000100000000)
  region size 1024K, 22 young (22528K), 2 survivors (2048K)
 Metaspace       used 15850K, capacity 16215K, committed 16512K, reserved 1064960K
  class space    used 1776K, capacity 1876K, committed 1920K, reserved 1048576K
}
Event: 90.441 GC heap after
{Heap after GC invocations=4 (full 0):
 garbage-first heap   total 65536K, used 11249K [0x00000000c0000000, 0x0000000100000000)
  region size 1024K, 2 young (2048K), 2 survivors (2048K)
 Metaspace       used 15850K, capacity 16215K, committed 16512K, reserved 1064960K
  class space    used 1776K, capacity 1876K, committed 1920K, reserved 1048576K
}

