# JRE version: OpenJDK Runtime Environment Microsoft-7208460 (11.0.18+10) (build 11.0.18+10-LTS)
# Java VM: OpenJDK 64-Bit Server VM Microsoft-7208460 (11.0.18+10-LTS, mixed mode, tiered, compressed oops, g1 gc, windows-amd64)
Heap:
 garbage-first heap   total 189440K, used 135470K [0x0000000080000000, 0x0000000100000000)
  region size 1024K, 24 young (24576K), 2 survivors (2048K)
 Metaspace       used 107752K, capacity 110558K, committed 110728K, reserved 612352K
  class space    used 13575K, capacity 14634K, committed 14720K, reserved 516096K
GC Heap History (20 events):
Event: 235.996 GC heap before
{Heap before GC invocations=70 (full 0):
 garbage-first heap   total 157696K, used 115040K [0x0000000080000000, 0x0000000100000000)
  region size 1024K, 8 young (8192K), 3 survivors (3072K)
 Metaspace       used 102807K, capacity 105458K, committed 105736K, reserved 608256K
  class space    used 13230K, capacity 14287K, committed 14336K, reserved 516096K
}
Event: 236.003 GC heap after
{Heap after GC invocations=71 (full 0):
 garbage-first heap   total 189440K, used 111763K [0x0000000080000000, 0x0000000100000000)
  region size 1024K, 1 young (1024K), 1 survivors (1024K)
 Metaspace       used 102807K, capacity 105458K, committed 105736K, reserved 608256K
  class space    used 13230K, capacity 14287K, committed 14336K, reserved 516096K
}
Event: 270.366 GC heap before
{Heap before GC invocations=72 (full 0):
 garbage-first heap   total 189440K, used 119955K [0x0000000080000000, 0x0000000100000000)
  region size 1024K, 9 young (9216K), 1 survivors (1024K)
 Metaspace       used 103303K, capacity 105930K, committed 105992K, reserved 608256K
  class space    used 13283K, capacity 14335K, committed 14336K, reserved 516096K
}
Event: 270.372 GC heap after
{Heap after GC invocations=73 (full 0):
 garbage-first heap   total 189440K, used 113156K [0x0000000080000000, 0x0000000100000000)
  region size 1024K, 2 young (2048K), 2 survivors (2048K)
 Metaspace       used 103303K, capacity 105930K, committed 105992K, reserved 608256K
  class space    used 13283K, capacity 14335K, committed 14336K, reserved 516096K
}
Event: 271.210 GC heap before
{Heap before GC invocations=73 (full 0):
 garbage-first heap   total 189440K, used 119300K [0x0000000080000000, 0x0000000100000000)
  region size 1024K, 9 young (9216K), 2 survivors (2048K)
 Metaspace       used 104188K, capacity 106774K, committed 106888K, reserved 610304K
  class space    used 13385K, capacity 14421K, committed 14464K, reserved 516096K
}
Event: 271.214 GC heap after
{Heap after GC invocations=74 (full 0):
 garbage-first heap   total 189440K, used 113680K [0x0000000080000000, 0x0000000100000000)
  region size 1024K, 1 young (1024K), 1 survivors (1024K)
 Metaspace       used 104188K, capacity 106774K, committed 106888K, reserved 610304K
  class space    used 13385K, capacity 14421K, committed 14464K, reserved 516096K
}
Event: 271.546 GC heap before
{Heap before GC invocations=75 (full 0):
 garbage-first heap   total 189440K, used 120848K [0x0000000080000000, 0x0000000100000000)
  region size 1024K, 9 young (9216K), 1 survivors (1024K)
 Metaspace       used 106286K, capacity 108886K, committed 109064K, reserved 612352K
  class space    used 13518K, capacity 14549K, committed 14592K, reserved 516096K
}
Event: 271.549 GC heap after
{Heap after GC invocations=76 (full 0):
 garbage-first heap   total 189440K, used 113563K [0x0000000080000000, 0x0000000100000000)
  region size 1024K, 1 young (1024K), 1 survivors (1024K)
 Metaspace       used 106286K, capacity 108886K, committed 109064K, reserved 612352K
  class space    used 13518K, capacity 14549K, committed 14592K, reserved 516096K
}
Event: 359.980 GC heap before
{Heap before GC invocations=76 (full 0):
 garbage-first heap   total 189440K, used 124827K [0x0000000080000000, 0x0000000100000000)
  region size 1024K, 12 young (12288K), 1 survivors (1024K)
 Metaspace       used 106878K, capacity 109535K, committed 109576K, reserved 612352K
  class space    used 13551K, capacity 14589K, committed 14592K, reserved 516096K
}
Event: 359.986 GC heap after
{Heap after GC invocations=77 (full 0):
 garbage-first heap   total 189440K, used 114266K [0x0000000080000000, 0x0000000100000000)
  region size 1024K, 2 young (2048K), 2 survivors (2048K)
 Metaspace       used 106878K, capacity 109535K, committed 109576K, reserved 612352K
  class space    used 13551K, capacity 14589K, committed 14592K, reserved 516096K
}
Event: 364.210 GC heap before
{Heap before GC invocations=78 (full 0):
 garbage-first heap   total 189440K, used 126554K [0x0000000080000000, 0x0000000100000000)
  region size 1024K, 15 young (15360K), 2 survivors (2048K)
 Metaspace       used 107072K, capacity 109840K, committed 109960K, reserved 612352K
  class space    used 13565K, capacity 14614K, committed 14720K, reserved 516096K
}
Event: 364.224 GC heap after
{Heap after GC invocations=79 (full 0):
 garbage-first heap   total 189440K, used 115623K [0x0000000080000000, 0x0000000100000000)
  region size 1024K, 2 young (2048K), 2 survivors (2048K)
 Metaspace       used 107072K, capacity 109840K, committed 109960K, reserved 612352K
  class space    used 13565K, capacity 14614K, committed 14720K, reserved 516096K
}
Event: 368.844 GC heap before
{Heap before GC invocations=79 (full 0):
 garbage-first heap   total 189440K, used 129959K [0x0000000080000000, 0x0000000100000000)
  region size 1024K, 17 young (17408K), 2 survivors (2048K)
 Metaspace       used 107289K, capacity 110129K, committed 110472K, reserved 612352K
  class space    used 13566K, capacity 14617K, committed 14720K, reserved 516096K
}
Event: 368.853 GC heap after
{Heap after GC invocations=80 (full 0):
 garbage-first heap   total 189440K, used 117174K [0x0000000080000000, 0x0000000100000000)
  region size 1024K, 3 young (3072K), 3 survivors (3072K)
 Metaspace       used 107289K, capacity 110129K, committed 110472K, reserved 612352K
  class space    used 13566K, capacity 14617K, committed 14720K, reserved 516096K
}
Event: 375.707 GC heap before
{Heap before GC invocations=81 (full 0):
 garbage-first heap   total 189440K, used 135606K [0x0000000080000000, 0x0000000100000000)
  region size 1024K, 21 young (21504K), 3 survivors (3072K)
 Metaspace       used 107540K, capacity 110266K, committed 110472K, reserved 612352K
  class space    used 13572K, capacity 14627K, committed 14720K, reserved 516096K
}
Event: 375.738 GC heap after
{Heap after GC invocations=82 (full 0):
 garbage-first heap   total 189440K, used 120226K [0x0000000080000000, 0x0000000100000000)
  region size 1024K, 3 young (3072K), 3 survivors (3072K)
 Metaspace       used 107540K, capacity 110266K, committed 110472K, reserved 612352K
  class space    used 13572K, capacity 14627K, committed 14720K, reserved 516096K
}
Event: 380.750 GC heap before
{Heap before GC invocations=82 (full 0):
 garbage-first heap   total 189440K, used 126370K [0x0000000080000000, 0x0000000100000000)
  region size 1024K, 9 young (9216K), 3 survivors (3072K)
 Metaspace       used 107611K, capacity 110394K, committed 110728K, reserved 612352K
  class space    used 13572K, capacity 14627K, committed 14720K, reserved 516096K
}
Event: 380.779 GC heap after
{Heap after GC invocations=83 (full 0):
 garbage-first heap   total 189440K, used 115734K [0x0000000080000000, 0x0000000100000000)
  region size 1024K, 2 young (2048K), 2 survivors (2048K)
 Metaspace       used 107611K, capacity 110394K, committed 110728K, reserved 612352K
  class space    used 13572K, capacity 14627K, committed 14720K, reserved 516096K
}
Event: 380.829 GC heap before
{Heap before GC invocations=83 (full 0):
 garbage-first heap   total 189440K, used 121878K [0x0000000080000000, 0x0000000100000000)
  region size 1024K, 9 young (9216K), 2 survivors (2048K)
 Metaspace       used 107649K, capacity 110471K, committed 110728K, reserved 612352K
  class space    used 13574K, capacity 14631K, committed 14720K, reserved 516096K
}
Event: 380.856 GC heap after
{Heap after GC invocations=84 (full 0):
 garbage-first heap   total 189440K, used 114990K [0x0000000080000000, 0x0000000100000000)
  region size 1024K, 2 young (2048K), 2 survivors (2048K)
 Metaspace       used 107649K, capacity 110471K, committed 110728K, reserved 612352K
  class space    used 13574K, capacity 14631K, committed 14720K, reserved 516096K
}

